<?xml version="1.0" encoding="utf-8" standalone="no"?>
<test-results xmlns:xsi="http://www.w3.org/2001/XMLSchema-instance" xsi:noNamespaceSchemaLocation="nunit_schema_2.5.xsd" name="Pester" total="81" errors="0" failures="1" not-run="0" inconclusive="0" ignored="0" skipped="0" invalid="0" date="2024-02-04" time="16:26:39">
  <environment platform="Microsoft Windows 10 Pro|C:\WINDOWS|\Device\Harddisk0\Partition2" user-domain="JLA-LoftHTPC" nunit-version="2.5.8.0" clr-version="Unknown" os-version="10.0.19044" user="Owner" cwd="E:\Owner\Documents\Google Drive\Programs\Scripts\PowerShell\Export-Permission" machine-name="JLA-LOFTHTPC" />
  <culture-info current-culture="en-US" current-uiculture="en-US" />
  <test-suite type="TestFixture" name="Pester" executed="True" result="Failure" success="False" time="3.2456" asserts="0" description="Pester">
    <results>
      <test-suite type="TestFixture" name="E:\Owner\Documents\Google Drive\Programs\Scripts\PowerShell\Export-Permission\tests\SourceCode.tests.ps1" executed="True" result="Failure" success="False" time="3.1257" asserts="0" description="E:\Owner\Documents\Google Drive\Programs\Scripts\PowerShell\Export-Permission\tests\SourceCode.tests.ps1">
        <results>
          <test-suite type="TestFixture" name="PowerShell script file info for 'Export-Permission'" executed="True" result="Success" success="True" time="0.3821" asserts="0" description="PowerShell script file info for 'Export-Permission'">
            <results>
              <test-case description=" Specify a valid version" name="PowerShell script file info for 'Export-Permission'. Specify a valid version" time="0.1285" asserts="0" success="True" result="Success" executed="True" />
              <test-case description=" Specify an author" name="PowerShell script file info for 'Export-Permission'. Specify an author" time="0.0184" asserts="0" success="True" result="Success" executed="True" />
              <test-case description=" Specify a valid guid" name="PowerShell script file info for 'Export-Permission'. Specify a valid guid" time="0.041" asserts="0" success="True" result="Success" executed="True" />
              <test-case description=" Specify a copyright" name="PowerShell script file info for 'Export-Permission'. Specify a copyright" time="0.0195" asserts="0" success="True" result="Success" executed="True" />
              <test-case description=" Specify a company name" name="PowerShell script file info for 'Export-Permission'. Specify a company name" time="0.0209" asserts="0" success="True" result="Success" executed="True" />
              <test-case description=" Specify a valid license URI" name="PowerShell script file info for 'Export-Permission'. Specify a valid license URI" time="0.0521" asserts="0" success="True" result="Success" executed="True" />
              <test-case description=" Specify a valid project URI" name="PowerShell script file info for 'Export-Permission'. Specify a valid project URI" time="0.0294" asserts="0" success="True" result="Success" executed="True" />
            </results>
          </test-suite>
          <test-suite type="TestFixture" name="help for 'Export-Permission.ps1'" executed="True" result="Failure" success="False" time="2.3189" asserts="0" description="help for 'Export-Permission.ps1'">
            <results>
              <test-suite type="TestFixture" name="help for 'Export-Permission.ps1'.- Help for parameter 'ExcludeAccount'" executed="True" result="Success" success="True" time="0.2975" asserts="0" description="help for 'Export-Permission.ps1'.- Help for parameter 'ExcludeAccount'">
                <results>
                  <test-suite type="ParameterizedTest" name="help for '&lt;_.Name&gt;'.- Help for parameter '&lt;_.commandParameter.Name&gt;'.has a description" executed="True" result="Success" success="True" time="0.0348" asserts="0" description="has a description">
                    <results>
                      <test-case description="has a description" name="help for 'Export-Permission.ps1'.- Help for parameter 'ExcludeAccount'.has a description" time="0.0348" asserts="0" success="True" result="Success" executed="True" />
                    </results>
                  </test-suite>
                  <test-suite type="ParameterizedTest" name="help for '&lt;_.Name&gt;'.- Help for parameter '&lt;_.commandParameter.Name&gt;'.has the correct [mandatory] value" executed="True" result="Success" success="True" time="0.024" asserts="0" description="has the correct [mandatory] value">
                    <results>
                      <test-case description="has the correct [mandatory] value" name="help for 'Export-Permission.ps1'.- Help for parameter 'ExcludeAccount'.has the correct [mandatory] value" time="0.024" asserts="0" success="True" result="Success" executed="True" />
                    </results>
                  </test-suite>
                  <test-suite type="ParameterizedTest" name="help for '&lt;_.Name&gt;'.- Help for parameter '&lt;_.commandParameter.Name&gt;'.has the correct parameter type" executed="True" result="Success" success="True" time="0.0138" asserts="0" description="has the correct parameter type">
                    <results>
                      <test-case description="has the correct parameter type" name="help for 'Export-Permission.ps1'.- Help for parameter 'ExcludeAccount'.has the correct parameter type" time="0.0138" asserts="0" success="True" result="Success" executed="True" />
                    </results>
                  </test-suite>
                </results>
              </test-suite>
              <test-suite type="TestFixture" name="help for 'Export-Permission.ps1'.- Help for parameter 'ExcludeClass'" executed="True" result="Success" success="True" time="0.3638" asserts="0" description="help for 'Export-Permission.ps1'.- Help for parameter 'ExcludeClass'">
                <results>
                  <test-suite type="ParameterizedTest" name="help for '&lt;_.Name&gt;'.- Help for parameter '&lt;_.commandParameter.Name&gt;'.has a description" executed="True" result="Success" success="True" time="0.0172" asserts="0" description="has a description">
                    <results>
                      <test-case description="has a description" name="help for 'Export-Permission.ps1'.- Help for parameter 'ExcludeClass'.has a description" time="0.0172" asserts="0" success="True" result="Success" executed="True" />
                    </results>
                  </test-suite>
                  <test-suite type="ParameterizedTest" name="help for '&lt;_.Name&gt;'.- Help for parameter '&lt;_.commandParameter.Name&gt;'.has the correct [mandatory] value" executed="True" result="Success" success="True" time="0.009" asserts="0" description="has the correct [mandatory] value">
                    <results>
                      <test-case description="has the correct [mandatory] value" name="help for 'Export-Permission.ps1'.- Help for parameter 'ExcludeClass'.has the correct [mandatory] value" time="0.009" asserts="0" success="True" result="Success" executed="True" />
                    </results>
                  </test-suite>
                  <test-suite type="ParameterizedTest" name="help for '&lt;_.Name&gt;'.- Help for parameter '&lt;_.commandParameter.Name&gt;'.has the correct parameter type" executed="True" result="Success" success="True" time="0.0265" asserts="0" description="has the correct parameter type">
                    <results>
                      <test-case description="has the correct parameter type" name="help for 'Export-Permission.ps1'.- Help for parameter 'ExcludeClass'.has the correct parameter type" time="0.0265" asserts="0" success="True" result="Success" executed="True" />
                    </results>
                  </test-suite>
                </results>
              </test-suite>
              <test-suite type="TestFixture" name="help for 'Export-Permission.ps1'.- Help for parameter 'GroupNameRule'" executed="True" result="Success" success="True" time="0.4293" asserts="0" description="help for 'Export-Permission.ps1'.- Help for parameter 'GroupNameRule'">
                <results>
                  <test-suite type="ParameterizedTest" name="help for '&lt;_.Name&gt;'.- Help for parameter '&lt;_.commandParameter.Name&gt;'.has a description" executed="True" result="Success" success="True" time="0.0131" asserts="0" description="has a description">
                    <results>
                      <test-case description="has a description" name="help for 'Export-Permission.ps1'.- Help for parameter 'GroupNameRule'.has a description" time="0.0131" asserts="0" success="True" result="Success" executed="True" />
                    </results>
                  </test-suite>
                  <test-suite type="ParameterizedTest" name="help for '&lt;_.Name&gt;'.- Help for parameter '&lt;_.commandParameter.Name&gt;'.has the correct [mandatory] value" executed="True" result="Success" success="True" time="0.0184" asserts="0" description="has the correct [mandatory] value">
                    <results>
                      <test-case description="has the correct [mandatory] value" name="help for 'Export-Permission.ps1'.- Help for parameter 'GroupNameRule'.has the correct [mandatory] value" time="0.0184" asserts="0" success="True" result="Success" executed="True" />
                    </results>
                  </test-suite>
                  <test-suite type="ParameterizedTest" name="help for '&lt;_.Name&gt;'.- Help for parameter '&lt;_.commandParameter.Name&gt;'.has the correct parameter type" executed="True" result="Success" success="True" time="0.0132" asserts="0" description="has the correct parameter type">
                    <results>
                      <test-case description="has the correct parameter type" name="help for 'Export-Permission.ps1'.- Help for parameter 'GroupNameRule'.has the correct parameter type" time="0.0132" asserts="0" success="True" result="Success" executed="True" />
                    </results>
                  </test-suite>
                </results>
              </test-suite>
              <test-suite type="TestFixture" name="help for 'Export-Permission.ps1'.- Help for parameter 'IgnoreDomain'" executed="True" result="Success" success="True" time="0.5022" asserts="0" description="help for 'Export-Permission.ps1'.- Help for parameter 'IgnoreDomain'">
                <results>
                  <test-suite type="ParameterizedTest" name="help for '&lt;_.Name&gt;'.- Help for parameter '&lt;_.commandParameter.Name&gt;'.has a description" executed="True" result="Success" success="True" time="0.0146" asserts="0" description="has a description">
                    <results>
                      <test-case description="has a description" name="help for 'Export-Permission.ps1'.- Help for parameter 'IgnoreDomain'.has a description" time="0.0146" asserts="0" success="True" result="Success" executed="True" />
                    </results>
                  </test-suite>
                  <test-suite type="ParameterizedTest" name="help for '&lt;_.Name&gt;'.- Help for parameter '&lt;_.commandParameter.Name&gt;'.has the correct [mandatory] value" executed="True" result="Success" success="True" time="0.0209" asserts="0" description="has the correct [mandatory] value">
                    <results>
                      <test-case description="has the correct [mandatory] value" name="help for 'Export-Permission.ps1'.- Help for parameter 'IgnoreDomain'.has the correct [mandatory] value" time="0.0209" asserts="0" success="True" result="Success" executed="True" />
                    </results>
                  </test-suite>
                  <test-suite type="ParameterizedTest" name="help for '&lt;_.Name&gt;'.- Help for parameter '&lt;_.commandParameter.Name&gt;'.has the correct parameter type" executed="True" result="Success" success="True" time="0.0161" asserts="0" description="has the correct parameter type">
                    <results>
                      <test-case description="has the correct parameter type" name="help for 'Export-Permission.ps1'.- Help for parameter 'IgnoreDomain'.has the correct parameter type" time="0.0161" asserts="0" success="True" result="Success" executed="True" />
                    </results>
                  </test-suite>
                </results>
              </test-suite>
              <test-suite type="TestFixture" name="help for 'Export-Permission.ps1'.- Help for parameter 'Interactive'" executed="True" result="Success" success="True" time="0.558" asserts="0" description="help for 'Export-Permission.ps1'.- Help for parameter 'Interactive'">
                <results>
                  <test-suite type="ParameterizedTest" name="help for '&lt;_.Name&gt;'.- Help for parameter '&lt;_.commandParameter.Name&gt;'.has a description" executed="True" result="Success" success="True" time="0.0124" asserts="0" description="has a description">
                    <results>
                      <test-case description="has a description" name="help for 'Export-Permission.ps1'.- Help for parameter 'Interactive'.has a description" time="0.0124" asserts="0" success="True" result="Success" executed="True" />
                    </results>
                  </test-suite>
                  <test-suite type="ParameterizedTest" name="help for '&lt;_.Name&gt;'.- Help for parameter '&lt;_.commandParameter.Name&gt;'.has the correct [mandatory] value" executed="True" result="Success" success="True" time="0.0162" asserts="0" description="has the correct [mandatory] value">
                    <results>
                      <test-case description="has the correct [mandatory] value" name="help for 'Export-Permission.ps1'.- Help for parameter 'Interactive'.has the correct [mandatory] value" time="0.0162" asserts="0" success="True" result="Success" executed="True" />
                    </results>
                  </test-suite>
                  <test-suite type="ParameterizedTest" name="help for '&lt;_.Name&gt;'.- Help for parameter '&lt;_.commandParameter.Name&gt;'.has the correct parameter type" executed="True" result="Success" success="True" time="0.0119" asserts="0" description="has the correct parameter type">
                    <results>
                      <test-case description="has the correct parameter type" name="help for 'Export-Permission.ps1'.- Help for parameter 'Interactive'.has the correct parameter type" time="0.0119" asserts="0" success="True" result="Success" executed="True" />
                    </results>
                  </test-suite>
                </results>
              </test-suite>
              <test-suite type="TestFixture" name="help for 'Export-Permission.ps1'.- Help for parameter 'NoJavaScript'" executed="True" result="Success" success="True" time="0.6099" asserts="0" description="help for 'Export-Permission.ps1'.- Help for parameter 'NoJavaScript'">
                <results>
                  <test-suite type="ParameterizedTest" name="help for '&lt;_.Name&gt;'.- Help for parameter '&lt;_.commandParameter.Name&gt;'.has a description" executed="True" result="Success" success="True" time="0.0137" asserts="0" description="has a description">
                    <results>
                      <test-case description="has a description" name="help for 'Export-Permission.ps1'.- Help for parameter 'NoJavaScript'.has a description" time="0.0137" asserts="0" success="True" result="Success" executed="True" />
                    </results>
                  </test-suite>
                  <test-suite type="ParameterizedTest" name="help for '&lt;_.Name&gt;'.- Help for parameter '&lt;_.commandParameter.Name&gt;'.has the correct [mandatory] value" executed="True" result="Success" success="True" time="0.0158" asserts="0" description="has the correct [mandatory] value">
                    <results>
                      <test-case description="has the correct [mandatory] value" name="help for 'Export-Permission.ps1'.- Help for parameter 'NoJavaScript'.has the correct [mandatory] value" time="0.0158" asserts="0" success="True" result="Success" executed="True" />
                    </results>
                  </test-suite>
                  <test-suite type="ParameterizedTest" name="help for '&lt;_.Name&gt;'.- Help for parameter '&lt;_.commandParameter.Name&gt;'.has the correct parameter type" executed="True" result="Success" success="True" time="0.01" asserts="0" description="has the correct parameter type">
                    <results>
                      <test-case description="has the correct parameter type" name="help for 'Export-Permission.ps1'.- Help for parameter 'NoJavaScript'.has the correct parameter type" time="0.01" asserts="0" success="True" result="Success" executed="True" />
                    </results>
                  </test-suite>
                </results>
              </test-suite>
              <test-suite type="TestFixture" name="help for 'Export-Permission.ps1'.- Help for parameter 'NoMembers'" executed="True" result="Success" success="True" time="0.7249" asserts="0" description="help for 'Export-Permission.ps1'.- Help for parameter 'NoMembers'">
                <results>
                  <test-suite type="ParameterizedTest" name="help for '&lt;_.Name&gt;'.- Help for parameter '&lt;_.commandParameter.Name&gt;'.has a description" executed="True" result="Success" success="True" time="0.0153" asserts="0" description="has a description">
                    <results>
                      <test-case description="has a description" name="help for 'Export-Permission.ps1'.- Help for parameter 'NoMembers'.has a description" time="0.0153" asserts="0" success="True" result="Success" executed="True" />
                    </results>
                  </test-suite>
                  <test-suite type="ParameterizedTest" name="help for '&lt;_.Name&gt;'.- Help for parameter '&lt;_.commandParameter.Name&gt;'.has the correct [mandatory] value" executed="True" result="Success" success="True" time="0.0283" asserts="0" description="has the correct [mandatory] value">
                    <results>
                      <test-case description="has the correct [mandatory] value" name="help for 'Export-Permission.ps1'.- Help for parameter 'NoMembers'.has the correct [mandatory] value" time="0.0283" asserts="0" success="True" result="Success" executed="True" />
                    </results>
                  </test-suite>
                  <test-suite type="ParameterizedTest" name="help for '&lt;_.Name&gt;'.- Help for parameter '&lt;_.commandParameter.Name&gt;'.has the correct parameter type" executed="True" result="Success" success="True" time="0.0419" asserts="0" description="has the correct parameter type">
                    <results>
                      <test-case description="has the correct parameter type" name="help for 'Export-Permission.ps1'.- Help for parameter 'NoMembers'.has the correct parameter type" time="0.0419" asserts="0" success="True" result="Success" executed="True" />
                    </results>
                  </test-suite>
                </results>
              </test-suite>
              <test-suite type="TestFixture" name="help for 'Export-Permission.ps1'.- Help for parameter 'OutputDir'" executed="True" result="Success" success="True" time="0.792" asserts="0" description="help for 'Export-Permission.ps1'.- Help for parameter 'OutputDir'">
                <results>
                  <test-suite type="ParameterizedTest" name="help for '&lt;_.Name&gt;'.- Help for parameter '&lt;_.commandParameter.Name&gt;'.has a description" executed="True" result="Success" success="True" time="0.0153" asserts="0" description="has a description">
                    <results>
                      <test-case description="has a description" name="help for 'Export-Permission.ps1'.- Help for parameter 'OutputDir'.has a description" time="0.0153" asserts="0" success="True" result="Success" executed="True" />
                    </results>
                  </test-suite>
                  <test-suite type="ParameterizedTest" name="help for '&lt;_.Name&gt;'.- Help for parameter '&lt;_.commandParameter.Name&gt;'.has the correct [mandatory] value" executed="True" result="Success" success="True" time="0.0172" asserts="0" description="has the correct [mandatory] value">
                    <results>
                      <test-case description="has the correct [mandatory] value" name="help for 'Export-Permission.ps1'.- Help for parameter 'OutputDir'.has the correct [mandatory] value" time="0.0172" asserts="0" success="True" result="Success" executed="True" />
                    </results>
                  </test-suite>
                  <test-suite type="ParameterizedTest" name="help for '&lt;_.Name&gt;'.- Help for parameter '&lt;_.commandParameter.Name&gt;'.has the correct parameter type" executed="True" result="Success" success="True" time="0.0227" asserts="0" description="has the correct parameter type">
                    <results>
                      <test-case description="has the correct parameter type" name="help for 'Export-Permission.ps1'.- Help for parameter 'OutputDir'.has the correct parameter type" time="0.0227" asserts="0" success="True" result="Success" executed="True" />
                    </results>
                  </test-suite>
                </results>
              </test-suite>
              <test-suite type="TestFixture" name="help for 'Export-Permission.ps1'.- Help for parameter 'OutputMode'" executed="True" result="Success" success="True" time="0.8624" asserts="0" description="help for 'Export-Permission.ps1'.- Help for parameter 'OutputMode'">
                <results>
                  <test-suite type="ParameterizedTest" name="help for '&lt;_.Name&gt;'.- Help for parameter '&lt;_.commandParameter.Name&gt;'.has a description" executed="True" result="Success" success="True" time="0.0223" asserts="0" description="has a description">
                    <results>
                      <test-case description="has a description" name="help for 'Export-Permission.ps1'.- Help for parameter 'OutputMode'.has a description" time="0.0223" asserts="0" success="True" result="Success" executed="True" />
                    </results>
                  </test-suite>
                  <test-suite type="ParameterizedTest" name="help for '&lt;_.Name&gt;'.- Help for parameter '&lt;_.commandParameter.Name&gt;'.has the correct [mandatory] value" executed="True" result="Success" success="True" time="0.0132" asserts="0" description="has the correct [mandatory] value">
                    <results>
                      <test-case description="has the correct [mandatory] value" name="help for 'Export-Permission.ps1'.- Help for parameter 'OutputMode'.has the correct [mandatory] value" time="0.0132" asserts="0" success="True" result="Success" executed="True" />
                    </results>
                  </test-suite>
                  <test-suite type="ParameterizedTest" name="help for '&lt;_.Name&gt;'.- Help for parameter '&lt;_.commandParameter.Name&gt;'.has the correct parameter type" executed="True" result="Success" success="True" time="0.0197" asserts="0" description="has the correct parameter type">
                    <results>
                      <test-case description="has the correct parameter type" name="help for 'Export-Permission.ps1'.- Help for parameter 'OutputMode'.has the correct parameter type" time="0.0197" asserts="0" success="True" result="Success" executed="True" />
                    </results>
                  </test-suite>
                </results>
              </test-suite>
              <test-suite type="TestFixture" name="help for 'Export-Permission.ps1'.- Help for parameter 'PrtgPort'" executed="True" result="Success" success="True" time="0.9308" asserts="0" description="help for 'Export-Permission.ps1'.- Help for parameter 'PrtgPort'">
                <results>
                  <test-suite type="ParameterizedTest" name="help for '&lt;_.Name&gt;'.- Help for parameter '&lt;_.commandParameter.Name&gt;'.has a description" executed="True" result="Success" success="True" time="0.0191" asserts="0" description="has a description">
                    <results>
                      <test-case description="has a description" name="help for 'Export-Permission.ps1'.- Help for parameter 'PrtgPort'.has a description" time="0.0191" asserts="0" success="True" result="Success" executed="True" />
                    </results>
                  </test-suite>
                  <test-suite type="ParameterizedTest" name="help for '&lt;_.Name&gt;'.- Help for parameter '&lt;_.commandParameter.Name&gt;'.has the correct [mandatory] value" executed="True" result="Success" success="True" time="0.0167" asserts="0" description="has the correct [mandatory] value">
                    <results>
                      <test-case description="has the correct [mandatory] value" name="help for 'Export-Permission.ps1'.- Help for parameter 'PrtgPort'.has the correct [mandatory] value" time="0.0167" asserts="0" success="True" result="Success" executed="True" />
                    </results>
                  </test-suite>
                  <test-suite type="ParameterizedTest" name="help for '&lt;_.Name&gt;'.- Help for parameter '&lt;_.commandParameter.Name&gt;'.has the correct parameter type" executed="True" result="Success" success="True" time="0.0176" asserts="0" description="has the correct parameter type">
                    <results>
                      <test-case description="has the correct parameter type" name="help for 'Export-Permission.ps1'.- Help for parameter 'PrtgPort'.has the correct parameter type" time="0.0176" asserts="0" success="True" result="Success" executed="True" />
                    </results>
                  </test-suite>
                </results>
              </test-suite>
              <test-suite type="TestFixture" name="help for 'Export-Permission.ps1'.- Help for parameter 'PrtgProbe'" executed="True" result="Success" success="True" time="1.0149" asserts="0" description="help for 'Export-Permission.ps1'.- Help for parameter 'PrtgProbe'">
                <results>
                  <test-suite type="ParameterizedTest" name="help for '&lt;_.Name&gt;'.- Help for parameter '&lt;_.commandParameter.Name&gt;'.has a description" executed="True" result="Success" success="True" time="0.0185" asserts="0" description="has a description">
                    <results>
                      <test-case description="has a description" name="help for 'Export-Permission.ps1'.- Help for parameter 'PrtgProbe'.has a description" time="0.0185" asserts="0" success="True" result="Success" executed="True" />
                    </results>
                  </test-suite>
                  <test-suite type="ParameterizedTest" name="help for '&lt;_.Name&gt;'.- Help for parameter '&lt;_.commandParameter.Name&gt;'.has the correct [mandatory] value" executed="True" result="Success" success="True" time="0.0187" asserts="0" description="has the correct [mandatory] value">
                    <results>
                      <test-case description="has the correct [mandatory] value" name="help for 'Export-Permission.ps1'.- Help for parameter 'PrtgProbe'.has the correct [mandatory] value" time="0.0187" asserts="0" success="True" result="Success" executed="True" />
                    </results>
                  </test-suite>
                  <test-suite type="ParameterizedTest" name="help for '&lt;_.Name&gt;'.- Help for parameter '&lt;_.commandParameter.Name&gt;'.has the correct parameter type" executed="True" result="Success" success="True" time="0.03" asserts="0" description="has the correct parameter type">
                    <results>
                      <test-case description="has the correct parameter type" name="help for 'Export-Permission.ps1'.- Help for parameter 'PrtgProbe'.has the correct parameter type" time="0.03" asserts="0" success="True" result="Success" executed="True" />
                    </results>
                  </test-suite>
                </results>
              </test-suite>
              <test-suite type="TestFixture" name="help for 'Export-Permission.ps1'.- Help for parameter 'PrtgProtocol'" executed="True" result="Success" success="True" time="1.0866" asserts="0" description="help for 'Export-Permission.ps1'.- Help for parameter 'PrtgProtocol'">
                <results>
                  <test-suite type="ParameterizedTest" name="help for '&lt;_.Name&gt;'.- Help for parameter '&lt;_.commandParameter.Name&gt;'.has a description" executed="True" result="Success" success="True" time="0.0228" asserts="0" description="has a description">
                    <results>
                      <test-case description="has a description" name="help for 'Export-Permission.ps1'.- Help for parameter 'PrtgProtocol'.has a description" time="0.0228" asserts="0" success="True" result="Success" executed="True" />
                    </results>
                  </test-suite>
                  <test-suite type="ParameterizedTest" name="help for '&lt;_.Name&gt;'.- Help for parameter '&lt;_.commandParameter.Name&gt;'.has the correct [mandatory] value" executed="True" result="Success" success="True" time="0.0145" asserts="0" description="has the correct [mandatory] value">
                    <results>
                      <test-case description="has the correct [mandatory] value" name="help for 'Export-Permission.ps1'.- Help for parameter 'PrtgProtocol'.has the correct [mandatory] value" time="0.0145" asserts="0" success="True" result="Success" executed="True" />
                    </results>
                  </test-suite>
                  <test-suite type="ParameterizedTest" name="help for '&lt;_.Name&gt;'.- Help for parameter '&lt;_.commandParameter.Name&gt;'.has the correct parameter type" executed="True" result="Success" success="True" time="0.0167" asserts="0" description="has the correct parameter type">
                    <results>
                      <test-case description="has the correct parameter type" name="help for 'Export-Permission.ps1'.- Help for parameter 'PrtgProtocol'.has the correct parameter type" time="0.0167" asserts="0" success="True" result="Success" executed="True" />
                    </results>
                  </test-suite>
                </results>
              </test-suite>
              <test-suite type="TestFixture" name="help for 'Export-Permission.ps1'.- Help for parameter 'PrtgToken'" executed="True" result="Success" success="True" time="1.3154" asserts="0" description="help for 'Export-Permission.ps1'.- Help for parameter 'PrtgToken'">
                <results>
                  <test-suite type="ParameterizedTest" name="help for '&lt;_.Name&gt;'.- Help for parameter '&lt;_.commandParameter.Name&gt;'.has a description" executed="True" result="Success" success="True" time="0.1352" asserts="0" description="has a description">
                    <results>
                      <test-case description="has a description" name="help for 'Export-Permission.ps1'.- Help for parameter 'PrtgToken'.has a description" time="0.1352" asserts="0" success="True" result="Success" executed="True" />
                    </results>
                  </test-suite>
                  <test-suite type="ParameterizedTest" name="help for '&lt;_.Name&gt;'.- Help for parameter '&lt;_.commandParameter.Name&gt;'.has the correct [mandatory] value" executed="True" result="Success" success="True" time="0.0286" asserts="0" description="has the correct [mandatory] value">
                    <results>
                      <test-case description="has the correct [mandatory] value" name="help for 'Export-Permission.ps1'.- Help for parameter 'PrtgToken'.has the correct [mandatory] value" time="0.0286" asserts="0" success="True" result="Success" executed="True" />
                    </results>
                  </test-suite>
                  <test-suite type="ParameterizedTest" name="help for '&lt;_.Name&gt;'.- Help for parameter '&lt;_.commandParameter.Name&gt;'.has the correct parameter type" executed="True" result="Success" success="True" time="0.0448" asserts="0" description="has the correct parameter type">
                    <results>
                      <test-case description="has the correct parameter type" name="help for 'Export-Permission.ps1'.- Help for parameter 'PrtgToken'.has the correct parameter type" time="0.0448" asserts="0" success="True" result="Success" executed="True" />
                    </results>
                  </test-suite>
                </results>
              </test-suite>
              <test-suite type="TestFixture" name="help for 'Export-Permission.ps1'.- Help for parameter 'RecurseDepth'" executed="True" result="Success" success="True" time="1.4215" asserts="0" description="help for 'Export-Permission.ps1'.- Help for parameter 'RecurseDepth'">
                <results>
                  <test-suite type="ParameterizedTest" name="help for '&lt;_.Name&gt;'.- Help for parameter '&lt;_.commandParameter.Name&gt;'.has a description" executed="True" result="Success" success="True" time="0.0512" asserts="0" description="has a description">
                    <results>
                      <test-case description="has a description" name="help for 'Export-Permission.ps1'.- Help for parameter 'RecurseDepth'.has a description" time="0.0512" asserts="0" success="True" result="Success" executed="True" />
                    </results>
                  </test-suite>
                  <test-suite type="ParameterizedTest" name="help for '&lt;_.Name&gt;'.- Help for parameter '&lt;_.commandParameter.Name&gt;'.has the correct [mandatory] value" executed="True" result="Success" success="True" time="0.012" asserts="0" description="has the correct [mandatory] value">
                    <results>
                      <test-case description="has the correct [mandatory] value" name="help for 'Export-Permission.ps1'.- Help for parameter 'RecurseDepth'.has the correct [mandatory] value" time="0.012" asserts="0" success="True" result="Success" executed="True" />
                    </results>
                  </test-suite>
                  <test-suite type="ParameterizedTest" name="help for '&lt;_.Name&gt;'.- Help for parameter '&lt;_.commandParameter.Name&gt;'.has the correct parameter type" executed="True" result="Success" success="True" time="0.0137" asserts="0" description="has the correct parameter type">
                    <results>
                      <test-case description="has the correct parameter type" name="help for 'Export-Permission.ps1'.- Help for parameter 'RecurseDepth'.has the correct parameter type" time="0.0137" asserts="0" success="True" result="Success" executed="True" />
                    </results>
                  </test-suite>
                </results>
              </test-suite>
              <test-suite type="TestFixture" name="help for 'Export-Permission.ps1'.- Help for parameter 'TargetPath'" executed="True" result="Success" success="True" time="1.4847" asserts="0" description="help for 'Export-Permission.ps1'.- Help for parameter 'TargetPath'">
                <results>
                  <test-suite type="ParameterizedTest" name="help for '&lt;_.Name&gt;'.- Help for parameter '&lt;_.commandParameter.Name&gt;'.has a description" executed="True" result="Success" success="True" time="0.0119" asserts="0" description="has a description">
                    <results>
                      <test-case description="has a description" name="help for 'Export-Permission.ps1'.- Help for parameter 'TargetPath'.has a description" time="0.0119" asserts="0" success="True" result="Success" executed="True" />
                    </results>
                  </test-suite>
                  <test-suite type="ParameterizedTest" name="help for '&lt;_.Name&gt;'.- Help for parameter '&lt;_.commandParameter.Name&gt;'.has the correct [mandatory] value" executed="True" result="Success" success="True" time="0.0199" asserts="0" description="has the correct [mandatory] value">
                    <results>
                      <test-case description="has the correct [mandatory] value" name="help for 'Export-Permission.ps1'.- Help for parameter 'TargetPath'.has the correct [mandatory] value" time="0.0199" asserts="0" success="True" result="Success" executed="True" />
                    </results>
                  </test-suite>
                  <test-suite type="ParameterizedTest" name="help for '&lt;_.Name&gt;'.- Help for parameter '&lt;_.commandParameter.Name&gt;'.has the correct parameter type" executed="True" result="Success" success="True" time="0.0151" asserts="0" description="has the correct parameter type">
                    <results>
                      <test-case description="has the correct parameter type" name="help for 'Export-Permission.ps1'.- Help for parameter 'TargetPath'.has the correct parameter type" time="0.0151" asserts="0" success="True" result="Success" executed="True" />
                    </results>
                  </test-suite>
                </results>
              </test-suite>
              <test-suite type="TestFixture" name="help for 'Export-Permission.ps1'.- Help for parameter 'ThreadCount'" executed="True" result="Success" success="True" time="1.5459" asserts="0" description="help for 'Export-Permission.ps1'.- Help for parameter 'ThreadCount'">
                <results>
                  <test-suite type="ParameterizedTest" name="help for '&lt;_.Name&gt;'.- Help for parameter '&lt;_.commandParameter.Name&gt;'.has a description" executed="True" result="Success" success="True" time="0.0131" asserts="0" description="has a description">
                    <results>
                      <test-case description="has a description" name="help for 'Export-Permission.ps1'.- Help for parameter 'ThreadCount'.has a description" time="0.0131" asserts="0" success="True" result="Success" executed="True" />
                    </results>
                  </test-suite>
                  <test-suite type="ParameterizedTest" name="help for '&lt;_.Name&gt;'.- Help for parameter '&lt;_.commandParameter.Name&gt;'.has the correct [mandatory] value" executed="True" result="Success" success="True" time="0.0166" asserts="0" description="has the correct [mandatory] value">
                    <results>
                      <test-case description="has the correct [mandatory] value" name="help for 'Export-Permission.ps1'.- Help for parameter 'ThreadCount'.has the correct [mandatory] value" time="0.0166" asserts="0" success="True" result="Success" executed="True" />
                    </results>
                  </test-suite>
                  <test-suite type="ParameterizedTest" name="help for '&lt;_.Name&gt;'.- Help for parameter '&lt;_.commandParameter.Name&gt;'.has the correct parameter type" executed="True" result="Success" success="True" time="0.0117" asserts="0" description="has the correct parameter type">
                    <results>
                      <test-case description="has the correct parameter type" name="help for 'Export-Permission.ps1'.- Help for parameter 'ThreadCount'.has the correct parameter type" time="0.0117" asserts="0" success="True" result="Success" executed="True" />
                    </results>
                  </test-suite>
                </results>
              </test-suite>
              <test-suite type="TestFixture" name="help for 'Export-Permission.ps1'.- Help for parameter 'Title'" executed="True" result="Success" success="True" time="1.6027" asserts="0" description="help for 'Export-Permission.ps1'.- Help for parameter 'Title'">
                <results>
                  <test-suite type="ParameterizedTest" name="help for '&lt;_.Name&gt;'.- Help for parameter '&lt;_.commandParameter.Name&gt;'.has a description" executed="True" result="Success" success="True" time="0.0096" asserts="0" description="has a description">
                    <results>
                      <test-case description="has a description" name="help for 'Export-Permission.ps1'.- Help for parameter 'Title'.has a description" time="0.0096" asserts="0" success="True" result="Success" executed="True" />
                    </results>
                  </test-suite>
                  <test-suite type="ParameterizedTest" name="help for '&lt;_.Name&gt;'.- Help for parameter '&lt;_.commandParameter.Name&gt;'.has the correct [mandatory] value" executed="True" result="Success" success="True" time="0.0159" asserts="0" description="has the correct [mandatory] value">
                    <results>
                      <test-case description="has the correct [mandatory] value" name="help for 'Export-Permission.ps1'.- Help for parameter 'Title'.has the correct [mandatory] value" time="0.0159" asserts="0" success="True" result="Success" executed="True" />
                    </results>
                  </test-suite>
                  <test-suite type="ParameterizedTest" name="help for '&lt;_.Name&gt;'.- Help for parameter '&lt;_.commandParameter.Name&gt;'.has the correct parameter type" executed="True" result="Success" success="True" time="0.014" asserts="0" description="has the correct parameter type">
                    <results>
                      <test-case description="has the correct parameter type" name="help for 'Export-Permission.ps1'.- Help for parameter 'Title'.has the correct parameter type" time="0.014" asserts="0" success="True" result="Success" executed="True" />
                    </results>
                  </test-suite>
                </results>
              </test-suite>
              <test-suite type="TestFixture" name="help for 'Export-Permission.ps1'.- Extraneous Parameters in Help" executed="True" result="Success" success="True" time="1.9023" asserts="0" description="help for 'Export-Permission.ps1'.- Extraneous Parameters in Help">
                <results>
                  <test-suite type="ParameterizedTest" name="help for '&lt;_.Name&gt;'.- Extraneous Parameters in Help. Parameter found in the Help docs also exists in the code: &lt;helpParameter.Name&gt;" executed="True" result="Success" success="True" time="0.2738" asserts="0" description=" Parameter found in the Help docs also exists in the code: &lt;helpParameter.Name&gt;">
                    <results>
                      <test-case description=" Parameter found in the Help docs also exists in the code: ExcludeAccount" name="help for 'Export-Permission.ps1'.- Extraneous Parameters in Help. Parameter found in the Help docs also exists in the code: ExcludeAccount" time="0.0528" asserts="0" success="True" result="Success" executed="True" />
                      <test-case description=" Parameter found in the Help docs also exists in the code: ExcludeClass" name="help for 'Export-Permission.ps1'.- Extraneous Parameters in Help. Parameter found in the Help docs also exists in the code: ExcludeClass" time="0.011" asserts="0" success="True" result="Success" executed="True" />
                      <test-case description=" Parameter found in the Help docs also exists in the code: GroupNameRule" name="help for 'Export-Permission.ps1'.- Extraneous Parameters in Help. Parameter found in the Help docs also exists in the code: GroupNameRule" time="0.0149" asserts="0" success="True" result="Success" executed="True" />
                      <test-case description=" Parameter found in the Help docs also exists in the code: IgnoreDomain" name="help for 'Export-Permission.ps1'.- Extraneous Parameters in Help. Parameter found in the Help docs also exists in the code: IgnoreDomain" time="0.0078" asserts="0" success="True" result="Success" executed="True" />
                      <test-case description=" Parameter found in the Help docs also exists in the code: Interactive" name="help for 'Export-Permission.ps1'.- Extraneous Parameters in Help. Parameter found in the Help docs also exists in the code: Interactive" time="0.0167" asserts="0" success="True" result="Success" executed="True" />
                      <test-case description=" Parameter found in the Help docs also exists in the code: NoJavaScript" name="help for 'Export-Permission.ps1'.- Extraneous Parameters in Help. Parameter found in the Help docs also exists in the code: NoJavaScript" time="0.0149" asserts="0" success="True" result="Success" executed="True" />
                      <test-case description=" Parameter found in the Help docs also exists in the code: NoMembers" name="help for 'Export-Permission.ps1'.- Extraneous Parameters in Help. Parameter found in the Help docs also exists in the code: NoMembers" time="0.0167" asserts="0" success="True" result="Success" executed="True" />
                      <test-case description=" Parameter found in the Help docs also exists in the code: OutputDir" name="help for 'Export-Permission.ps1'.- Extraneous Parameters in Help. Parameter found in the Help docs also exists in the code: OutputDir" time="0.0122" asserts="0" success="True" result="Success" executed="True" />
                      <test-case description=" Parameter found in the Help docs also exists in the code: OutputMode" name="help for 'Export-Permission.ps1'.- Extraneous Parameters in Help. Parameter found in the Help docs also exists in the code: OutputMode" time="0.0186" asserts="0" success="True" result="Success" executed="True" />
                      <test-case description=" Parameter found in the Help docs also exists in the code: PrtgPort" name="help for 'Export-Permission.ps1'.- Extraneous Parameters in Help. Parameter found in the Help docs also exists in the code: PrtgPort" time="0.0113" asserts="0" success="True" result="Success" executed="True" />
                      <test-case description=" Parameter found in the Help docs also exists in the code: PrtgProbe" name="help for 'Export-Permission.ps1'.- Extraneous Parameters in Help. Parameter found in the Help docs also exists in the code: PrtgProbe" time="0.0171" asserts="0" success="True" result="Success" executed="True" />
                      <test-case description=" Parameter found in the Help docs also exists in the code: PrtgProtocol" name="help for 'Export-Permission.ps1'.- Extraneous Parameters in Help. Parameter found in the Help docs also exists in the code: PrtgProtocol" time="0.0094" asserts="0" success="True" result="Success" executed="True" />
                      <test-case description=" Parameter found in the Help docs also exists in the code: PrtgToken" name="help for 'Export-Permission.ps1'.- Extraneous Parameters in Help. Parameter found in the Help docs also exists in the code: PrtgToken" time="0.0127" asserts="0" success="True" result="Success" executed="True" />
                      <test-case description=" Parameter found in the Help docs also exists in the code: RecurseDepth" name="help for 'Export-Permission.ps1'.- Extraneous Parameters in Help. Parameter found in the Help docs also exists in the code: RecurseDepth" time="0.0175" asserts="0" success="True" result="Success" executed="True" />
                      <test-case description=" Parameter found in the Help docs also exists in the code: TargetPath" name="help for 'Export-Permission.ps1'.- Extraneous Parameters in Help. Parameter found in the Help docs also exists in the code: TargetPath" time="0.0111" asserts="0" success="True" result="Success" executed="True" />
                      <test-case description=" Parameter found in the Help docs also exists in the code: ThreadCount" name="help for 'Export-Permission.ps1'.- Extraneous Parameters in Help. Parameter found in the Help docs also exists in the code: ThreadCount" time="0.0174" asserts="0" success="True" result="Success" executed="True" />
                      <test-case description=" Parameter found in the Help docs also exists in the code: Title" name="help for 'Export-Permission.ps1'.- Extraneous Parameters in Help. Parameter found in the Help docs also exists in the code: Title" time="0.0117" asserts="0" success="True" result="Success" executed="True" />
                    </results>
                  </test-suite>
                </results>
              </test-suite>
              <test-suite type="ParameterizedTest" name="help for '&lt;_.Name&gt;'. Exists" executed="True" result="Success" success="True" time="0.017" asserts="0" description=" Exists">
                <results>
                  <test-case description=" Exists" name="help for 'Export-Permission.ps1'. Exists" time="0.017" asserts="0" success="True" result="Success" executed="True" />
                </results>
              </test-suite>
              <test-suite type="ParameterizedTest" name="help for '&lt;_.Name&gt;'. Is not auto-generated, or for a conceptual help article" executed="True" result="Success" success="True" time="0.0296" asserts="0" description=" Is not auto-generated, or for a conceptual help article">
                <results>
                  <test-case description=" Is not auto-generated, or for a conceptual help article" name="help for 'Export-Permission.ps1'. Is not auto-generated, or for a conceptual help article" time="0.0296" asserts="0" success="True" result="Success" executed="True" />
                </results>
              </test-suite>
              <test-suite type="ParameterizedTest" name="help for '&lt;_.Name&gt;'. Has a description" executed="True" result="Success" success="True" time="0.0155" asserts="0" description=" Has a description">
                <results>
                  <test-case description=" Has a description" name="help for 'Export-Permission.ps1'. Has a description" time="0.0155" asserts="0" success="True" result="Success" executed="True" />
                </results>
              </test-suite>
              <test-suite type="ParameterizedTest" name="help for '&lt;_.Name&gt;'. Has example code" executed="True" result="Success" success="True" time="0.0121" asserts="0" description=" Has example code">
                <results>
                  <test-case description=" Has example code" name="help for 'Export-Permission.ps1'. Has example code" time="0.0121" asserts="0" success="True" result="Success" executed="True" />
                </results>
              </test-suite>
              <test-suite type="ParameterizedTest" name="help for '&lt;_.Name&gt;'. Has example help" executed="True" result="Success" success="True" time="0.0109" asserts="0" description=" Has example help">
                <results>
                  <test-case description=" Has example help" name="help for 'Export-Permission.ps1'. Has example help" time="0.0109" asserts="0" success="True" result="Success" executed="True" />
                </results>
              </test-suite>
              <test-suite type="ParameterizedTest" name="help for '&lt;_.Name&gt;'. Has a valid link URL '&lt;commandHelp.relatedLinks.navigationLink.uri&gt;'" executed="True" result="Failure" success="False" time="0.1053" asserts="0" description=" Has a valid link URL '&lt;commandHelp.relatedLinks.navigationLink.uri&gt;'">
                <results>
                  <test-case description=" Has a valid link URL ''" name="help for 'Export-Permission.ps1'. Has a valid link URL ''" time="0.1053" asserts="0" success="False" result="Failure" executed="True">
                    <failure>
                      <message>ValidationMetadataException: The argument is null or empty. Provide an argument that is not null or empty, and then try the command again.
ParameterBindingValidationException: Cannot validate argument on parameter 'Uri'. The argument is null or empty. Provide an argument that is not null or empty, and then try the command again.</message>
                      <stack-trace>at &lt;ScriptBlock&gt;, E:\Owner\Documents\Google Drive\Programs\Scripts\PowerShell\Export-Permission\tests\SourceCode.tests.ps1:252</stack-trace>
                    </failure>
                  </test-case>
                </results>
              </test-suite>
            </results>
          </test-suite>
        </results>
      </test-suite>
    </results>
  </test-suite>
</test-results>