<?xml version="1.0" encoding="utf-8" standalone="no"?>
<test-results xmlns:xsi="http://www.w3.org/2001/XMLSchema-instance" xsi:noNamespaceSchemaLocation="nunit_schema_2.5.xsd" name="Pester" total="81" errors="0" failures="1" not-run="0" inconclusive="0" ignored="0" skipped="0" invalid="0" date="2024-02-05" time="02:12:52">
  <environment cwd="E:\Owner\Documents\Google Drive\Programs\Scripts\PowerShell\Export-Permission" user-domain="JLA-LoftHTPC" os-version="10.0.19044" machine-name="JLA-LOFTHTPC" nunit-version="2.5.8.0" platform="Microsoft Windows 10 Pro|C:\WINDOWS|\Device\Harddisk0\Partition2" user="Owner" clr-version="Unknown" />
  <culture-info current-culture="en-US" current-uiculture="en-US" />
  <test-suite type="TestFixture" name="Pester" executed="True" result="Failure" success="False" time="2.9538" asserts="0" description="Pester">
    <results>
      <test-suite type="TestFixture" name="E:\Owner\Documents\Google Drive\Programs\Scripts\PowerShell\Export-Permission\tests\SourceCode.tests.ps1" executed="True" result="Failure" success="False" time="2.8321" asserts="0" description="E:\Owner\Documents\Google Drive\Programs\Scripts\PowerShell\Export-Permission\tests\SourceCode.tests.ps1">
        <results>
          <test-suite type="TestFixture" name="PowerShell script file info for 'Export-Permission'" executed="True" result="Success" success="True" time="0.3389" asserts="0" description="PowerShell script file info for 'Export-Permission'">
            <results>
              <test-case description=" Specify a valid version" name="PowerShell script file info for 'Export-Permission'. Specify a valid version" time="0.1262" asserts="0" success="True" result="Success" executed="True" />
              <test-case description=" Specify an author" name="PowerShell script file info for 'Export-Permission'. Specify an author" time="0.019" asserts="0" success="True" result="Success" executed="True" />
              <test-case description=" Specify a valid guid" name="PowerShell script file info for 'Export-Permission'. Specify a valid guid" time="0.033" asserts="0" success="True" result="Success" executed="True" />
              <test-case description=" Specify a copyright" name="PowerShell script file info for 'Export-Permission'. Specify a copyright" time="0.0114" asserts="0" success="True" result="Success" executed="True" />
              <test-case description=" Specify a company name" name="PowerShell script file info for 'Export-Permission'. Specify a company name" time="0.0204" asserts="0" success="True" result="Success" executed="True" />
              <test-case description=" Specify a valid license URI" name="PowerShell script file info for 'Export-Permission'. Specify a valid license URI" time="0.0446" asserts="0" success="True" result="Success" executed="True" />
              <test-case description=" Specify a valid project URI" name="PowerShell script file info for 'Export-Permission'. Specify a valid project URI" time="0.0224" asserts="0" success="True" result="Success" executed="True" />
            </results>
          </test-suite>
          <test-suite type="TestFixture" name="help for 'Export-Permission.ps1'" executed="True" result="Failure" success="False" time="1.9986" asserts="0" description="help for 'Export-Permission.ps1'">
            <results>
              <test-suite type="TestFixture" name="help for 'Export-Permission.ps1'.- Help for parameter 'ExcludeAccount'" executed="True" result="Success" success="True" time="0.2939" asserts="0" description="help for 'Export-Permission.ps1'.- Help for parameter 'ExcludeAccount'">
                <results>
                  <test-suite type="ParameterizedTest" name="help for '&lt;_.Name&gt;'.- Help for parameter '&lt;_.commandParameter.Name&gt;'.has a description" executed="True" result="Success" success="True" time="0.0237" asserts="0" description="has a description">
                    <results>
                      <test-case description="has a description" name="help for 'Export-Permission.ps1'.- Help for parameter 'ExcludeAccount'.has a description" time="0.0237" asserts="0" success="True" result="Success" executed="True" />
                    </results>
                  </test-suite>
                  <test-suite type="ParameterizedTest" name="help for '&lt;_.Name&gt;'.- Help for parameter '&lt;_.commandParameter.Name&gt;'.has the correct [mandatory] value" executed="True" result="Success" success="True" time="0.0392" asserts="0" description="has the correct [mandatory] value">
                    <results>
                      <test-case description="has the correct [mandatory] value" name="help for 'Export-Permission.ps1'.- Help for parameter 'ExcludeAccount'.has the correct [mandatory] value" time="0.0392" asserts="0" success="True" result="Success" executed="True" />
                    </results>
                  </test-suite>
                  <test-suite type="ParameterizedTest" name="help for '&lt;_.Name&gt;'.- Help for parameter '&lt;_.commandParameter.Name&gt;'.has the correct parameter type" executed="True" result="Success" success="True" time="0.0243" asserts="0" description="has the correct parameter type">
                    <results>
                      <test-case description="has the correct parameter type" name="help for 'Export-Permission.ps1'.- Help for parameter 'ExcludeAccount'.has the correct parameter type" time="0.0243" asserts="0" success="True" result="Success" executed="True" />
                    </results>
                  </test-suite>
                </results>
              </test-suite>
              <test-suite type="TestFixture" name="help for 'Export-Permission.ps1'.- Help for parameter 'ExcludeClass'" executed="True" result="Success" success="True" time="0.3859" asserts="0" description="help for 'Export-Permission.ps1'.- Help for parameter 'ExcludeClass'">
                <results>
                  <test-suite type="ParameterizedTest" name="help for '&lt;_.Name&gt;'.- Help for parameter '&lt;_.commandParameter.Name&gt;'.has a description" executed="True" result="Success" success="True" time="0.0282" asserts="0" description="has a description">
                    <results>
                      <test-case description="has a description" name="help for 'Export-Permission.ps1'.- Help for parameter 'ExcludeClass'.has a description" time="0.0282" asserts="0" success="True" result="Success" executed="True" />
                    </results>
                  </test-suite>
                  <test-suite type="ParameterizedTest" name="help for '&lt;_.Name&gt;'.- Help for parameter '&lt;_.commandParameter.Name&gt;'.has the correct [mandatory] value" executed="True" result="Success" success="True" time="0.0348" asserts="0" description="has the correct [mandatory] value">
                    <results>
                      <test-case description="has the correct [mandatory] value" name="help for 'Export-Permission.ps1'.- Help for parameter 'ExcludeClass'.has the correct [mandatory] value" time="0.0348" asserts="0" success="True" result="Success" executed="True" />
                    </results>
                  </test-suite>
                  <test-suite type="ParameterizedTest" name="help for '&lt;_.Name&gt;'.- Help for parameter '&lt;_.commandParameter.Name&gt;'.has the correct parameter type" executed="True" result="Success" success="True" time="0.011" asserts="0" description="has the correct parameter type">
                    <results>
                      <test-case description="has the correct parameter type" name="help for 'Export-Permission.ps1'.- Help for parameter 'ExcludeClass'.has the correct parameter type" time="0.011" asserts="0" success="True" result="Success" executed="True" />
                    </results>
                  </test-suite>
                </results>
              </test-suite>
              <test-suite type="TestFixture" name="help for 'Export-Permission.ps1'.- Help for parameter 'GroupNameRule'" executed="True" result="Success" success="True" time="0.4517" asserts="0" description="help for 'Export-Permission.ps1'.- Help for parameter 'GroupNameRule'">
                <results>
                  <test-suite type="ParameterizedTest" name="help for '&lt;_.Name&gt;'.- Help for parameter '&lt;_.commandParameter.Name&gt;'.has a description" executed="True" result="Success" success="True" time="0.0155" asserts="0" description="has a description">
                    <results>
                      <test-case description="has a description" name="help for 'Export-Permission.ps1'.- Help for parameter 'GroupNameRule'.has a description" time="0.0155" asserts="0" success="True" result="Success" executed="True" />
                    </results>
                  </test-suite>
                  <test-suite type="ParameterizedTest" name="help for '&lt;_.Name&gt;'.- Help for parameter '&lt;_.commandParameter.Name&gt;'.has the correct [mandatory] value" executed="True" result="Success" success="True" time="0.014" asserts="0" description="has the correct [mandatory] value">
                    <results>
                      <test-case description="has the correct [mandatory] value" name="help for 'Export-Permission.ps1'.- Help for parameter 'GroupNameRule'.has the correct [mandatory] value" time="0.014" asserts="0" success="True" result="Success" executed="True" />
                    </results>
                  </test-suite>
                  <test-suite type="ParameterizedTest" name="help for '&lt;_.Name&gt;'.- Help for parameter '&lt;_.commandParameter.Name&gt;'.has the correct parameter type" executed="True" result="Success" success="True" time="0.0121" asserts="0" description="has the correct parameter type">
                    <results>
                      <test-case description="has the correct parameter type" name="help for 'Export-Permission.ps1'.- Help for parameter 'GroupNameRule'.has the correct parameter type" time="0.0121" asserts="0" success="True" result="Success" executed="True" />
                    </results>
                  </test-suite>
                </results>
              </test-suite>
              <test-suite type="TestFixture" name="help for 'Export-Permission.ps1'.- Help for parameter 'IgnoreDomain'" executed="True" result="Success" success="True" time="0.5207" asserts="0" description="help for 'Export-Permission.ps1'.- Help for parameter 'IgnoreDomain'">
                <results>
                  <test-suite type="ParameterizedTest" name="help for '&lt;_.Name&gt;'.- Help for parameter '&lt;_.commandParameter.Name&gt;'.has a description" executed="True" result="Success" success="True" time="0.0163" asserts="0" description="has a description">
                    <results>
                      <test-case description="has a description" name="help for 'Export-Permission.ps1'.- Help for parameter 'IgnoreDomain'.has a description" time="0.0163" asserts="0" success="True" result="Success" executed="True" />
                    </results>
                  </test-suite>
                  <test-suite type="ParameterizedTest" name="help for '&lt;_.Name&gt;'.- Help for parameter '&lt;_.commandParameter.Name&gt;'.has the correct [mandatory] value" executed="True" result="Success" success="True" time="0.0188" asserts="0" description="has the correct [mandatory] value">
                    <results>
                      <test-case description="has the correct [mandatory] value" name="help for 'Export-Permission.ps1'.- Help for parameter 'IgnoreDomain'.has the correct [mandatory] value" time="0.0188" asserts="0" success="True" result="Success" executed="True" />
                    </results>
                  </test-suite>
                  <test-suite type="ParameterizedTest" name="help for '&lt;_.Name&gt;'.- Help for parameter '&lt;_.commandParameter.Name&gt;'.has the correct parameter type" executed="True" result="Success" success="True" time="0.016" asserts="0" description="has the correct parameter type">
                    <results>
                      <test-case description="has the correct parameter type" name="help for 'Export-Permission.ps1'.- Help for parameter 'IgnoreDomain'.has the correct parameter type" time="0.016" asserts="0" success="True" result="Success" executed="True" />
                    </results>
                  </test-suite>
                </results>
              </test-suite>
              <test-suite type="TestFixture" name="help for 'Export-Permission.ps1'.- Help for parameter 'Interactive'" executed="True" result="Success" success="True" time="0.5774" asserts="0" description="help for 'Export-Permission.ps1'.- Help for parameter 'Interactive'">
                <results>
                  <test-suite type="ParameterizedTest" name="help for '&lt;_.Name&gt;'.- Help for parameter '&lt;_.commandParameter.Name&gt;'.has a description" executed="True" result="Success" success="True" time="0.0119" asserts="0" description="has a description">
                    <results>
                      <test-case description="has a description" name="help for 'Export-Permission.ps1'.- Help for parameter 'Interactive'.has a description" time="0.0119" asserts="0" success="True" result="Success" executed="True" />
                    </results>
                  </test-suite>
                  <test-suite type="ParameterizedTest" name="help for '&lt;_.Name&gt;'.- Help for parameter '&lt;_.commandParameter.Name&gt;'.has the correct [mandatory] value" executed="True" result="Success" success="True" time="0.0194" asserts="0" description="has the correct [mandatory] value">
                    <results>
                      <test-case description="has the correct [mandatory] value" name="help for 'Export-Permission.ps1'.- Help for parameter 'Interactive'.has the correct [mandatory] value" time="0.0194" asserts="0" success="True" result="Success" executed="True" />
                    </results>
                  </test-suite>
                  <test-suite type="ParameterizedTest" name="help for '&lt;_.Name&gt;'.- Help for parameter '&lt;_.commandParameter.Name&gt;'.has the correct parameter type" executed="True" result="Success" success="True" time="0.011" asserts="0" description="has the correct parameter type">
                    <results>
                      <test-case description="has the correct parameter type" name="help for 'Export-Permission.ps1'.- Help for parameter 'Interactive'.has the correct parameter type" time="0.011" asserts="0" success="True" result="Success" executed="True" />
                    </results>
                  </test-suite>
                </results>
              </test-suite>
              <test-suite type="TestFixture" name="help for 'Export-Permission.ps1'.- Help for parameter 'NoJavaScript'" executed="True" result="Success" success="True" time="0.6334" asserts="0" description="help for 'Export-Permission.ps1'.- Help for parameter 'NoJavaScript'">
                <results>
                  <test-suite type="ParameterizedTest" name="help for '&lt;_.Name&gt;'.- Help for parameter '&lt;_.commandParameter.Name&gt;'.has a description" executed="True" result="Success" success="True" time="0.0129" asserts="0" description="has a description">
                    <results>
                      <test-case description="has a description" name="help for 'Export-Permission.ps1'.- Help for parameter 'NoJavaScript'.has a description" time="0.0129" asserts="0" success="True" result="Success" executed="True" />
                    </results>
                  </test-suite>
                  <test-suite type="ParameterizedTest" name="help for '&lt;_.Name&gt;'.- Help for parameter '&lt;_.commandParameter.Name&gt;'.has the correct [mandatory] value" executed="True" result="Success" success="True" time="0.0165" asserts="0" description="has the correct [mandatory] value">
                    <results>
                      <test-case description="has the correct [mandatory] value" name="help for 'Export-Permission.ps1'.- Help for parameter 'NoJavaScript'.has the correct [mandatory] value" time="0.0165" asserts="0" success="True" result="Success" executed="True" />
                    </results>
                  </test-suite>
                  <test-suite type="ParameterizedTest" name="help for '&lt;_.Name&gt;'.- Help for parameter '&lt;_.commandParameter.Name&gt;'.has the correct parameter type" executed="True" result="Success" success="True" time="0.0114" asserts="0" description="has the correct parameter type">
                    <results>
                      <test-case description="has the correct parameter type" name="help for 'Export-Permission.ps1'.- Help for parameter 'NoJavaScript'.has the correct parameter type" time="0.0114" asserts="0" success="True" result="Success" executed="True" />
                    </results>
                  </test-suite>
                </results>
              </test-suite>
              <test-suite type="TestFixture" name="help for 'Export-Permission.ps1'.- Help for parameter 'NoMembers'" executed="True" result="Success" success="True" time="0.7359" asserts="0" description="help for 'Export-Permission.ps1'.- Help for parameter 'NoMembers'">
                <results>
                  <test-suite type="ParameterizedTest" name="help for '&lt;_.Name&gt;'.- Help for parameter '&lt;_.commandParameter.Name&gt;'.has a description" executed="True" result="Success" success="True" time="0.0097" asserts="0" description="has a description">
                    <results>
                      <test-case description="has a description" name="help for 'Export-Permission.ps1'.- Help for parameter 'NoMembers'.has a description" time="0.0097" asserts="0" success="True" result="Success" executed="True" />
                    </results>
                  </test-suite>
                  <test-suite type="ParameterizedTest" name="help for '&lt;_.Name&gt;'.- Help for parameter '&lt;_.commandParameter.Name&gt;'.has the correct [mandatory] value" executed="True" result="Success" success="True" time="0.0353" asserts="0" description="has the correct [mandatory] value">
                    <results>
                      <test-case description="has the correct [mandatory] value" name="help for 'Export-Permission.ps1'.- Help for parameter 'NoMembers'.has the correct [mandatory] value" time="0.0353" asserts="0" success="True" result="Success" executed="True" />
                    </results>
                  </test-suite>
                  <test-suite type="ParameterizedTest" name="help for '&lt;_.Name&gt;'.- Help for parameter '&lt;_.commandParameter.Name&gt;'.has the correct parameter type" executed="True" result="Success" success="True" time="0.044" asserts="0" description="has the correct parameter type">
                    <results>
                      <test-case description="has the correct parameter type" name="help for 'Export-Permission.ps1'.- Help for parameter 'NoMembers'.has the correct parameter type" time="0.044" asserts="0" success="True" result="Success" executed="True" />
                    </results>
                  </test-suite>
                </results>
              </test-suite>
              <test-suite type="TestFixture" name="help for 'Export-Permission.ps1'.- Help for parameter 'OutputDir'" executed="True" result="Success" success="True" time="0.8083" asserts="0" description="help for 'Export-Permission.ps1'.- Help for parameter 'OutputDir'">
                <results>
                  <test-suite type="ParameterizedTest" name="help for '&lt;_.Name&gt;'.- Help for parameter '&lt;_.commandParameter.Name&gt;'.has a description" executed="True" result="Success" success="True" time="0.0143" asserts="0" description="has a description">
                    <results>
                      <test-case description="has a description" name="help for 'Export-Permission.ps1'.- Help for parameter 'OutputDir'.has a description" time="0.0143" asserts="0" success="True" result="Success" executed="True" />
                    </results>
                  </test-suite>
                  <test-suite type="ParameterizedTest" name="help for '&lt;_.Name&gt;'.- Help for parameter '&lt;_.commandParameter.Name&gt;'.has the correct [mandatory] value" executed="True" result="Success" success="True" time="0.0233" asserts="0" description="has the correct [mandatory] value">
                    <results>
                      <test-case description="has the correct [mandatory] value" name="help for 'Export-Permission.ps1'.- Help for parameter 'OutputDir'.has the correct [mandatory] value" time="0.0233" asserts="0" success="True" result="Success" executed="True" />
                    </results>
                  </test-suite>
                  <test-suite type="ParameterizedTest" name="help for '&lt;_.Name&gt;'.- Help for parameter '&lt;_.commandParameter.Name&gt;'.has the correct parameter type" executed="True" result="Success" success="True" time="0.0116" asserts="0" description="has the correct parameter type">
                    <results>
                      <test-case description="has the correct parameter type" name="help for 'Export-Permission.ps1'.- Help for parameter 'OutputDir'.has the correct parameter type" time="0.0116" asserts="0" success="True" result="Success" executed="True" />
                    </results>
                  </test-suite>
                </results>
              </test-suite>
              <test-suite type="TestFixture" name="help for 'Export-Permission.ps1'.- Help for parameter 'OutputMode'" executed="True" result="Success" success="True" time="0.8678" asserts="0" description="help for 'Export-Permission.ps1'.- Help for parameter 'OutputMode'">
                <results>
                  <test-suite type="ParameterizedTest" name="help for '&lt;_.Name&gt;'.- Help for parameter '&lt;_.commandParameter.Name&gt;'.has a description" executed="True" result="Success" success="True" time="0.0121" asserts="0" description="has a description">
                    <results>
                      <test-case description="has a description" name="help for 'Export-Permission.ps1'.- Help for parameter 'OutputMode'.has a description" time="0.0121" asserts="0" success="True" result="Success" executed="True" />
                    </results>
                  </test-suite>
                  <test-suite type="ParameterizedTest" name="help for '&lt;_.Name&gt;'.- Help for parameter '&lt;_.commandParameter.Name&gt;'.has the correct [mandatory] value" executed="True" result="Success" success="True" time="0.0245" asserts="0" description="has the correct [mandatory] value">
                    <results>
                      <test-case description="has the correct [mandatory] value" name="help for 'Export-Permission.ps1'.- Help for parameter 'OutputMode'.has the correct [mandatory] value" time="0.0245" asserts="0" success="True" result="Success" executed="True" />
                    </results>
                  </test-suite>
                  <test-suite type="ParameterizedTest" name="help for '&lt;_.Name&gt;'.- Help for parameter '&lt;_.commandParameter.Name&gt;'.has the correct parameter type" executed="True" result="Success" success="True" time="0.0096" asserts="0" description="has the correct parameter type">
                    <results>
                      <test-case description="has the correct parameter type" name="help for 'Export-Permission.ps1'.- Help for parameter 'OutputMode'.has the correct parameter type" time="0.0096" asserts="0" success="True" result="Success" executed="True" />
                    </results>
                  </test-suite>
                </results>
              </test-suite>
              <test-suite type="TestFixture" name="help for 'Export-Permission.ps1'.- Help for parameter 'PrtgPort'" executed="True" result="Success" success="True" time="0.9485" asserts="0" description="help for 'Export-Permission.ps1'.- Help for parameter 'PrtgPort'">
                <results>
                  <test-suite type="ParameterizedTest" name="help for '&lt;_.Name&gt;'.- Help for parameter '&lt;_.commandParameter.Name&gt;'.has a description" executed="True" result="Success" success="True" time="0.0149" asserts="0" description="has a description">
                    <results>
                      <test-case description="has a description" name="help for 'Export-Permission.ps1'.- Help for parameter 'PrtgPort'.has a description" time="0.0149" asserts="0" success="True" result="Success" executed="True" />
                    </results>
                  </test-suite>
                  <test-suite type="ParameterizedTest" name="help for '&lt;_.Name&gt;'.- Help for parameter '&lt;_.commandParameter.Name&gt;'.has the correct [mandatory] value" executed="True" result="Success" success="True" time="0.0132" asserts="0" description="has the correct [mandatory] value">
                    <results>
                      <test-case description="has the correct [mandatory] value" name="help for 'Export-Permission.ps1'.- Help for parameter 'PrtgPort'.has the correct [mandatory] value" time="0.0132" asserts="0" success="True" result="Success" executed="True" />
                    </results>
                  </test-suite>
                  <test-suite type="ParameterizedTest" name="help for '&lt;_.Name&gt;'.- Help for parameter '&lt;_.commandParameter.Name&gt;'.has the correct parameter type" executed="True" result="Success" success="True" time="0.0277" asserts="0" description="has the correct parameter type">
                    <results>
                      <test-case description="has the correct parameter type" name="help for 'Export-Permission.ps1'.- Help for parameter 'PrtgPort'.has the correct parameter type" time="0.0277" asserts="0" success="True" result="Success" executed="True" />
                    </results>
                  </test-suite>
                </results>
              </test-suite>
              <test-suite type="TestFixture" name="help for 'Export-Permission.ps1'.- Help for parameter 'PrtgProbe'" executed="True" result="Success" success="True" time="1.0239" asserts="0" description="help for 'Export-Permission.ps1'.- Help for parameter 'PrtgProbe'">
                <results>
                  <test-suite type="ParameterizedTest" name="help for '&lt;_.Name&gt;'.- Help for parameter '&lt;_.commandParameter.Name&gt;'.has a description" executed="True" result="Success" success="True" time="0.027" asserts="0" description="has a description">
                    <results>
                      <test-case description="has a description" name="help for 'Export-Permission.ps1'.- Help for parameter 'PrtgProbe'.has a description" time="0.027" asserts="0" success="True" result="Success" executed="True" />
                    </results>
                  </test-suite>
                  <test-suite type="ParameterizedTest" name="help for '&lt;_.Name&gt;'.- Help for parameter '&lt;_.commandParameter.Name&gt;'.has the correct [mandatory] value" executed="True" result="Success" success="True" time="0.0148" asserts="0" description="has the correct [mandatory] value">
                    <results>
                      <test-case description="has the correct [mandatory] value" name="help for 'Export-Permission.ps1'.- Help for parameter 'PrtgProbe'.has the correct [mandatory] value" time="0.0148" asserts="0" success="True" result="Success" executed="True" />
                    </results>
                  </test-suite>
                  <test-suite type="ParameterizedTest" name="help for '&lt;_.Name&gt;'.- Help for parameter '&lt;_.commandParameter.Name&gt;'.has the correct parameter type" executed="True" result="Success" success="True" time="0.0191" asserts="0" description="has the correct parameter type">
                    <results>
                      <test-case description="has the correct parameter type" name="help for 'Export-Permission.ps1'.- Help for parameter 'PrtgProbe'.has the correct parameter type" time="0.0191" asserts="0" success="True" result="Success" executed="True" />
                    </results>
                  </test-suite>
                </results>
              </test-suite>
              <test-suite type="TestFixture" name="help for 'Export-Permission.ps1'.- Help for parameter 'PrtgProtocol'" executed="True" result="Success" success="True" time="1.0918" asserts="0" description="help for 'Export-Permission.ps1'.- Help for parameter 'PrtgProtocol'">
                <results>
                  <test-suite type="ParameterizedTest" name="help for '&lt;_.Name&gt;'.- Help for parameter '&lt;_.commandParameter.Name&gt;'.has a description" executed="True" result="Success" success="True" time="0.0179" asserts="0" description="has a description">
                    <results>
                      <test-case description="has a description" name="help for 'Export-Permission.ps1'.- Help for parameter 'PrtgProtocol'.has a description" time="0.0179" asserts="0" success="True" result="Success" executed="True" />
                    </results>
                  </test-suite>
                  <test-suite type="ParameterizedTest" name="help for '&lt;_.Name&gt;'.- Help for parameter '&lt;_.commandParameter.Name&gt;'.has the correct [mandatory] value" executed="True" result="Success" success="True" time="0.0099" asserts="0" description="has the correct [mandatory] value">
                    <results>
                      <test-case description="has the correct [mandatory] value" name="help for 'Export-Permission.ps1'.- Help for parameter 'PrtgProtocol'.has the correct [mandatory] value" time="0.0099" asserts="0" success="True" result="Success" executed="True" />
                    </results>
                  </test-suite>
                  <test-suite type="ParameterizedTest" name="help for '&lt;_.Name&gt;'.- Help for parameter '&lt;_.commandParameter.Name&gt;'.has the correct parameter type" executed="True" result="Success" success="True" time="0.0245" asserts="0" description="has the correct parameter type">
                    <results>
                      <test-case description="has the correct parameter type" name="help for 'Export-Permission.ps1'.- Help for parameter 'PrtgProtocol'.has the correct parameter type" time="0.0245" asserts="0" success="True" result="Success" executed="True" />
                    </results>
                  </test-suite>
                </results>
              </test-suite>
              <test-suite type="TestFixture" name="help for 'Export-Permission.ps1'.- Help for parameter 'PrtgToken'" executed="True" result="Success" success="True" time="1.1678" asserts="0" description="help for 'Export-Permission.ps1'.- Help for parameter 'PrtgToken'">
                <results>
                  <test-suite type="ParameterizedTest" name="help for '&lt;_.Name&gt;'.- Help for parameter '&lt;_.commandParameter.Name&gt;'.has a description" executed="True" result="Success" success="True" time="0.024" asserts="0" description="has a description">
                    <results>
                      <test-case description="has a description" name="help for 'Export-Permission.ps1'.- Help for parameter 'PrtgToken'.has a description" time="0.024" asserts="0" success="True" result="Success" executed="True" />
                    </results>
                  </test-suite>
                  <test-suite type="ParameterizedTest" name="help for '&lt;_.Name&gt;'.- Help for parameter '&lt;_.commandParameter.Name&gt;'.has the correct [mandatory] value" executed="True" result="Success" success="True" time="0.0177" asserts="0" description="has the correct [mandatory] value">
                    <results>
                      <test-case description="has the correct [mandatory] value" name="help for 'Export-Permission.ps1'.- Help for parameter 'PrtgToken'.has the correct [mandatory] value" time="0.0177" asserts="0" success="True" result="Success" executed="True" />
                    </results>
                  </test-suite>
                  <test-suite type="ParameterizedTest" name="help for '&lt;_.Name&gt;'.- Help for parameter '&lt;_.commandParameter.Name&gt;'.has the correct parameter type" executed="True" result="Success" success="True" time="0.0198" asserts="0" description="has the correct parameter type">
                    <results>
                      <test-case description="has the correct parameter type" name="help for 'Export-Permission.ps1'.- Help for parameter 'PrtgToken'.has the correct parameter type" time="0.0198" asserts="0" success="True" result="Success" executed="True" />
                    </results>
                  </test-suite>
                </results>
              </test-suite>
              <test-suite type="TestFixture" name="help for 'Export-Permission.ps1'.- Help for parameter 'RecurseDepth'" executed="True" result="Success" success="True" time="1.229" asserts="0" description="help for 'Export-Permission.ps1'.- Help for parameter 'RecurseDepth'">
                <results>
                  <test-suite type="ParameterizedTest" name="help for '&lt;_.Name&gt;'.- Help for parameter '&lt;_.commandParameter.Name&gt;'.has a description" executed="True" result="Success" success="True" time="0.0183" asserts="0" description="has a description">
                    <results>
                      <test-case description="has a description" name="help for 'Export-Permission.ps1'.- Help for parameter 'RecurseDepth'.has a description" time="0.0183" asserts="0" success="True" result="Success" executed="True" />
                    </results>
                  </test-suite>
                  <test-suite type="ParameterizedTest" name="help for '&lt;_.Name&gt;'.- Help for parameter '&lt;_.commandParameter.Name&gt;'.has the correct [mandatory] value" executed="True" result="Success" success="True" time="0.0125" asserts="0" description="has the correct [mandatory] value">
                    <results>
                      <test-case description="has the correct [mandatory] value" name="help for 'Export-Permission.ps1'.- Help for parameter 'RecurseDepth'.has the correct [mandatory] value" time="0.0125" asserts="0" success="True" result="Success" executed="True" />
                    </results>
                  </test-suite>
                  <test-suite type="ParameterizedTest" name="help for '&lt;_.Name&gt;'.- Help for parameter '&lt;_.commandParameter.Name&gt;'.has the correct parameter type" executed="True" result="Success" success="True" time="0.0204" asserts="0" description="has the correct parameter type">
                    <results>
                      <test-case description="has the correct parameter type" name="help for 'Export-Permission.ps1'.- Help for parameter 'RecurseDepth'.has the correct parameter type" time="0.0204" asserts="0" success="True" result="Success" executed="True" />
                    </results>
                  </test-suite>
                </results>
              </test-suite>
              <test-suite type="TestFixture" name="help for 'Export-Permission.ps1'.- Help for parameter 'TargetPath'" executed="True" result="Success" success="True" time="1.2831" asserts="0" description="help for 'Export-Permission.ps1'.- Help for parameter 'TargetPath'">
                <results>
                  <test-suite type="ParameterizedTest" name="help for '&lt;_.Name&gt;'.- Help for parameter '&lt;_.commandParameter.Name&gt;'.has a description" executed="True" result="Success" success="True" time="0.0162" asserts="0" description="has a description">
                    <results>
                      <test-case description="has a description" name="help for 'Export-Permission.ps1'.- Help for parameter 'TargetPath'.has a description" time="0.0162" asserts="0" success="True" result="Success" executed="True" />
                    </results>
                  </test-suite>
                  <test-suite type="ParameterizedTest" name="help for '&lt;_.Name&gt;'.- Help for parameter '&lt;_.commandParameter.Name&gt;'.has the correct [mandatory] value" executed="True" result="Success" success="True" time="0.0089" asserts="0" description="has the correct [mandatory] value">
                    <results>
                      <test-case description="has the correct [mandatory] value" name="help for 'Export-Permission.ps1'.- Help for parameter 'TargetPath'.has the correct [mandatory] value" time="0.0089" asserts="0" success="True" result="Success" executed="True" />
                    </results>
                  </test-suite>
                  <test-suite type="ParameterizedTest" name="help for '&lt;_.Name&gt;'.- Help for parameter '&lt;_.commandParameter.Name&gt;'.has the correct parameter type" executed="True" result="Success" success="True" time="0.0133" asserts="0" description="has the correct parameter type">
                    <results>
                      <test-case description="has the correct parameter type" name="help for 'Export-Permission.ps1'.- Help for parameter 'TargetPath'.has the correct parameter type" time="0.0133" asserts="0" success="True" result="Success" executed="True" />
                    </results>
                  </test-suite>
                </results>
              </test-suite>
              <test-suite type="TestFixture" name="help for 'Export-Permission.ps1'.- Help for parameter 'ThreadCount'" executed="True" result="Success" success="True" time="1.349" asserts="0" description="help for 'Export-Permission.ps1'.- Help for parameter 'ThreadCount'">
                <results>
                  <test-suite type="ParameterizedTest" name="help for '&lt;_.Name&gt;'.- Help for parameter '&lt;_.commandParameter.Name&gt;'.has a description" executed="True" result="Success" success="True" time="0.0175" asserts="0" description="has a description">
                    <results>
                      <test-case description="has a description" name="help for 'Export-Permission.ps1'.- Help for parameter 'ThreadCount'.has a description" time="0.0175" asserts="0" success="True" result="Success" executed="True" />
                    </results>
                  </test-suite>
                  <test-suite type="ParameterizedTest" name="help for '&lt;_.Name&gt;'.- Help for parameter '&lt;_.commandParameter.Name&gt;'.has the correct [mandatory] value" executed="True" result="Success" success="True" time="0.02" asserts="0" description="has the correct [mandatory] value">
                    <results>
                      <test-case description="has the correct [mandatory] value" name="help for 'Export-Permission.ps1'.- Help for parameter 'ThreadCount'.has the correct [mandatory] value" time="0.02" asserts="0" success="True" result="Success" executed="True" />
                    </results>
                  </test-suite>
                  <test-suite type="ParameterizedTest" name="help for '&lt;_.Name&gt;'.- Help for parameter '&lt;_.commandParameter.Name&gt;'.has the correct parameter type" executed="True" result="Success" success="True" time="0.0153" asserts="0" description="has the correct parameter type">
                    <results>
                      <test-case description="has the correct parameter type" name="help for 'Export-Permission.ps1'.- Help for parameter 'ThreadCount'.has the correct parameter type" time="0.0153" asserts="0" success="True" result="Success" executed="True" />
                    </results>
                  </test-suite>
                </results>
              </test-suite>
              <test-suite type="TestFixture" name="help for 'Export-Permission.ps1'.- Help for parameter 'Title'" executed="True" result="Success" success="True" time="1.3972" asserts="0" description="help for 'Export-Permission.ps1'.- Help for parameter 'Title'">
                <results>
                  <test-suite type="ParameterizedTest" name="help for '&lt;_.Name&gt;'.- Help for parameter '&lt;_.commandParameter.Name&gt;'.has a description" executed="True" result="Success" success="True" time="0.0115" asserts="0" description="has a description">
                    <results>
                      <test-case description="has a description" name="help for 'Export-Permission.ps1'.- Help for parameter 'Title'.has a description" time="0.0115" asserts="0" success="True" result="Success" executed="True" />
                    </results>
                  </test-suite>
                  <test-suite type="ParameterizedTest" name="help for '&lt;_.Name&gt;'.- Help for parameter '&lt;_.commandParameter.Name&gt;'.has the correct [mandatory] value" executed="True" result="Success" success="True" time="0.0127" asserts="0" description="has the correct [mandatory] value">
                    <results>
                      <test-case description="has the correct [mandatory] value" name="help for 'Export-Permission.ps1'.- Help for parameter 'Title'.has the correct [mandatory] value" time="0.0127" asserts="0" success="True" result="Success" executed="True" />
                    </results>
                  </test-suite>
                  <test-suite type="ParameterizedTest" name="help for '&lt;_.Name&gt;'.- Help for parameter '&lt;_.commandParameter.Name&gt;'.has the correct parameter type" executed="True" result="Success" success="True" time="0.0096" asserts="0" description="has the correct parameter type">
                    <results>
                      <test-case description="has the correct parameter type" name="help for 'Export-Permission.ps1'.- Help for parameter 'Title'.has the correct parameter type" time="0.0096" asserts="0" success="True" result="Success" executed="True" />
                    </results>
                  </test-suite>
                </results>
              </test-suite>
              <test-suite type="TestFixture" name="help for 'Export-Permission.ps1'.- Extraneous Parameters in Help" executed="True" result="Success" success="True" time="1.6442" asserts="0" description="help for 'Export-Permission.ps1'.- Extraneous Parameters in Help">
                <results>
                  <test-suite type="ParameterizedTest" name="help for '&lt;_.Name&gt;'.- Extraneous Parameters in Help. Parameter found in the Help docs also exists in the code: &lt;helpParameter.Name&gt;" executed="True" result="Success" success="True" time="0.2223" asserts="0" description=" Parameter found in the Help docs also exists in the code: &lt;helpParameter.Name&gt;">
                    <results>
                      <test-case description=" Parameter found in the Help docs also exists in the code: ExcludeAccount" name="help for 'Export-Permission.ps1'.- Extraneous Parameters in Help. Parameter found in the Help docs also exists in the code: ExcludeAccount" time="0.0324" asserts="0" success="True" result="Success" executed="True" />
                      <test-case description=" Parameter found in the Help docs also exists in the code: ExcludeClass" name="help for 'Export-Permission.ps1'.- Extraneous Parameters in Help. Parameter found in the Help docs also exists in the code: ExcludeClass" time="0.0127" asserts="0" success="True" result="Success" executed="True" />
                      <test-case description=" Parameter found in the Help docs also exists in the code: GroupNameRule" name="help for 'Export-Permission.ps1'.- Extraneous Parameters in Help. Parameter found in the Help docs also exists in the code: GroupNameRule" time="0.0063" asserts="0" success="True" result="Success" executed="True" />
                      <test-case description=" Parameter found in the Help docs also exists in the code: IgnoreDomain" name="help for 'Export-Permission.ps1'.- Extraneous Parameters in Help. Parameter found in the Help docs also exists in the code: IgnoreDomain" time="0.0089" asserts="0" success="True" result="Success" executed="True" />
                      <test-case description=" Parameter found in the Help docs also exists in the code: Interactive" name="help for 'Export-Permission.ps1'.- Extraneous Parameters in Help. Parameter found in the Help docs also exists in the code: Interactive" time="0.0097" asserts="0" success="True" result="Success" executed="True" />
                      <test-case description=" Parameter found in the Help docs also exists in the code: NoJavaScript" name="help for 'Export-Permission.ps1'.- Extraneous Parameters in Help. Parameter found in the Help docs also exists in the code: NoJavaScript" time="0.0105" asserts="0" success="True" result="Success" executed="True" />
                      <test-case description=" Parameter found in the Help docs also exists in the code: NoMembers" name="help for 'Export-Permission.ps1'.- Extraneous Parameters in Help. Parameter found in the Help docs also exists in the code: NoMembers" time="0.0182" asserts="0" success="True" result="Success" executed="True" />
                      <test-case description=" Parameter found in the Help docs also exists in the code: OutputDir" name="help for 'Export-Permission.ps1'.- Extraneous Parameters in Help. Parameter found in the Help docs also exists in the code: OutputDir" time="0.0081" asserts="0" success="True" result="Success" executed="True" />
                      <test-case description=" Parameter found in the Help docs also exists in the code: OutputMode" name="help for 'Export-Permission.ps1'.- Extraneous Parameters in Help. Parameter found in the Help docs also exists in the code: OutputMode" time="0.018" asserts="0" success="True" result="Success" executed="True" />
                      <test-case description=" Parameter found in the Help docs also exists in the code: PrtgPort" name="help for 'Export-Permission.ps1'.- Extraneous Parameters in Help. Parameter found in the Help docs also exists in the code: PrtgPort" time="0.0073" asserts="0" success="True" result="Success" executed="True" />
                      <test-case description=" Parameter found in the Help docs also exists in the code: PrtgProbe" name="help for 'Export-Permission.ps1'.- Extraneous Parameters in Help. Parameter found in the Help docs also exists in the code: PrtgProbe" time="0.0154" asserts="0" success="True" result="Success" executed="True" />
                      <test-case description=" Parameter found in the Help docs also exists in the code: PrtgProtocol" name="help for 'Export-Permission.ps1'.- Extraneous Parameters in Help. Parameter found in the Help docs also exists in the code: PrtgProtocol" time="0.0119" asserts="0" success="True" result="Success" executed="True" />
                      <test-case description=" Parameter found in the Help docs also exists in the code: PrtgToken" name="help for 'Export-Permission.ps1'.- Extraneous Parameters in Help. Parameter found in the Help docs also exists in the code: PrtgToken" time="0.0229" asserts="0" success="True" result="Success" executed="True" />
                      <test-case description=" Parameter found in the Help docs also exists in the code: RecurseDepth" name="help for 'Export-Permission.ps1'.- Extraneous Parameters in Help. Parameter found in the Help docs also exists in the code: RecurseDepth" time="0.0106" asserts="0" success="True" result="Success" executed="True" />
                      <test-case description=" Parameter found in the Help docs also exists in the code: TargetPath" name="help for 'Export-Permission.ps1'.- Extraneous Parameters in Help. Parameter found in the Help docs also exists in the code: TargetPath" time="0.0069" asserts="0" success="True" result="Success" executed="True" />
                      <test-case description=" Parameter found in the Help docs also exists in the code: ThreadCount" name="help for 'Export-Permission.ps1'.- Extraneous Parameters in Help. Parameter found in the Help docs also exists in the code: ThreadCount" time="0.0135" asserts="0" success="True" result="Success" executed="True" />
                      <test-case description=" Parameter found in the Help docs also exists in the code: Title" name="help for 'Export-Permission.ps1'.- Extraneous Parameters in Help. Parameter found in the Help docs also exists in the code: Title" time="0.0089" asserts="0" success="True" result="Success" executed="True" />
                    </results>
                  </test-suite>
                </results>
              </test-suite>
              <test-suite type="ParameterizedTest" name="help for '&lt;_.Name&gt;'. Exists" executed="True" result="Success" success="True" time="0.026" asserts="0" description=" Exists">
                <results>
                  <test-case description=" Exists" name="help for 'Export-Permission.ps1'. Exists" time="0.026" asserts="0" success="True" result="Success" executed="True" />
                </results>
              </test-suite>
              <test-suite type="ParameterizedTest" name="help for '&lt;_.Name&gt;'. Is not auto-generated, or for a conceptual help article" executed="True" result="Success" success="True" time="0.0324" asserts="0" description=" Is not auto-generated, or for a conceptual help article">
                <results>
                  <test-case description=" Is not auto-generated, or for a conceptual help article" name="help for 'Export-Permission.ps1'. Is not auto-generated, or for a conceptual help article" time="0.0324" asserts="0" success="True" result="Success" executed="True" />
                </results>
              </test-suite>
              <test-suite type="ParameterizedTest" name="help for '&lt;_.Name&gt;'. Has a description" executed="True" result="Success" success="True" time="0.0097" asserts="0" description=" Has a description">
                <results>
                  <test-case description=" Has a description" name="help for 'Export-Permission.ps1'. Has a description" time="0.0097" asserts="0" success="True" result="Success" executed="True" />
                </results>
              </test-suite>
              <test-suite type="ParameterizedTest" name="help for '&lt;_.Name&gt;'. Has example code" executed="True" result="Success" success="True" time="0.0133" asserts="0" description=" Has example code">
                <results>
                  <test-case description=" Has example code" name="help for 'Export-Permission.ps1'. Has example code" time="0.0133" asserts="0" success="True" result="Success" executed="True" />
                </results>
              </test-suite>
              <test-suite type="ParameterizedTest" name="help for '&lt;_.Name&gt;'. Has example help" executed="True" result="Success" success="True" time="0.0138" asserts="0" description=" Has example help">
                <results>
                  <test-case description=" Has example help" name="help for 'Export-Permission.ps1'. Has example help" time="0.0138" asserts="0" success="True" result="Success" executed="True" />
                </results>
              </test-suite>
              <test-suite type="ParameterizedTest" name="help for '&lt;_.Name&gt;'. Has a valid link URL '&lt;commandHelp.relatedLinks.navigationLink.uri&gt;'" executed="True" result="Failure" success="False" time="0.0865" asserts="0" description=" Has a valid link URL '&lt;commandHelp.relatedLinks.navigationLink.uri&gt;'">
                <results>
                  <test-case description=" Has a valid link URL ''" name="help for 'Export-Permission.ps1'. Has a valid link URL ''" time="0.0865" asserts="0" success="False" result="Failure" executed="True">
                    <failure>
                      <message>ValidationMetadataException: The argument is null or empty. Provide an argument that is not null or empty, and then try the command again.
ParameterBindingValidationException: Cannot validate argument on parameter 'Uri'. The argument is null or empty. Provide an argument that is not null or empty, and then try the command again.</message>
                      <stack-trace>at &lt;ScriptBlock&gt;, E:\Owner\Documents\Google Drive\Programs\Scripts\PowerShell\Export-Permission\tests\SourceCode.tests.ps1:252</stack-trace>
                    </failure>
                  </test-case>
                </results>
              </test-suite>
            </results>
          </test-suite>
        </results>
      </test-suite>
    </results>
  </test-suite>
</test-results>